2025-07-28 00:03:56 - stock_analysis.main - INFO - main:541 - === Starting China Stock Analysis Pipeline ===
2025-07-28 00:03:56 - stock_analysis.main - INFO - run_all_scripts_parallel:309 - Starting parallel execution of all scripts with data fetching
2025-07-28 00:03:56 - stock_analysis.main - INFO - run_all_scripts_parallel:339 - Fetching market data before parallel script execution
2025-07-28 00:03:56 - stock_analysis.pipeline - INFO - fetch_market_data:75 - Starting market data fetching
2025-07-28 00:03:56 - stock_analysis.get_stock_data - INFO - get_stock_market_data:76 - Removing outdated stock market data files
2025-07-28 00:03:56 - stock_analysis.get_stock_data - INFO - get_stock_market_data:91 - Fetching new stock market data from akshare API
2025-07-28 00:03:56 - stock_analysis.get_stock_data - INFO - get_industry_stock_mapping_data:170 - Removing outdated industry mapping data files
2025-07-28 00:03:56 - stock_analysis.get_stock_data - INFO - get_industry_stock_mapping_data:175 - Fetching industry names from akshare API
2025-07-28 00:03:58 - stock_analysis.get_stock_data - INFO - get_industry_stock_mapping_data:181 - Found 86 industries to process
2025-07-28 00:04:17 - stock_analysis.get_stock_data - INFO - get_industry_stock_mapping_data:233 - Successfully processed 5498 industry-stock mappings
2025-07-28 00:04:17 - stock_analysis.get_stock_data - INFO - get_industry_stock_mapping_data:244 - Successfully saved industry mapping data to data/stocks/industry_stock_mapping_df-20250728.csv
2025-07-28 00:04:44 - stock_analysis.get_stock_data - INFO - get_stock_market_data:108 - Successfully saved stock market data to data/stocks/stock_zh_a_spot_em_df-20250728.csv
2025-07-28 00:04:44 - stock_analysis.pipeline - INFO - fetch_market_data:105 - Stock market data fetched: 5735 stocks
2025-07-28 00:04:44 - stock_analysis.pipeline - INFO - fetch_market_data:106 - Industry mapping data fetched: 5498 mappings
2025-07-28 00:04:44 - stock_analysis.pipeline - INFO - fetch_market_data:115 - Market data fetching completed successfully
2025-07-28 00:04:44 - stock_analysis.main - INFO - run_all_scripts_parallel:350 - Creating individual progress trackers for parallel script execution
2025-07-28 00:04:44 - stock_analysis.main - INFO - run_all_scripts_parallel:432 - 🚀 Launching parallel script execution with hierarchical progress tracking
2025-07-28 00:04:44 - stock_analysis.stock_filter - INFO - prepare_stock_data:213 - Loaded 1690 stocks across 85 industries
2025-07-28 00:04:44 - stock_analysis.stock_filter - INFO - process_all_industries_async:442 - Processing industry batch 1/29
2025-07-28 00:04:44 - stock_analysis.holding_stock_analyzer - INFO - load_holding_stocks_from_files:170 - Loaded 5 stocks for account '华泰-沈海纳'
2025-07-28 00:04:44 - stock_analysis.holding_stock_analyzer - INFO - load_holding_stocks_from_files:170 - Loaded 2 stocks for account '中银-杨敏靖'
2025-07-28 00:04:44 - stock_analysis.holding_stock_analyzer - INFO - load_holding_stocks_from_files:170 - Loaded 0 stocks for account '中银-沈海纳'
2025-07-28 00:04:44 - stock_analysis.holding_stock_analyzer - INFO - load_holding_stocks_from_files:170 - Loaded 2 stocks for account '华泰-杨平旃'
2025-07-28 00:04:44 - stock_analysis.holding_stock_analyzer - INFO - load_holding_stocks_from_files:179 - Loaded holding stocks for 4 accounts
2025-07-28 00:04:46 - stock_analysis.industry_filter - INFO - process_all_industries_async:333 - Processing industry batch 1/29
2025-07-28 00:04:49 - stock_analysis.industry_filter - INFO - process_all_industries_async:333 - Processing industry batch 2/29
2025-07-28 00:04:50 - stock_analysis.industry_filter - INFO - process_all_industries_async:333 - Processing industry batch 3/29
2025-07-28 00:04:51 - stock_analysis.industry_filter - INFO - process_all_industries_async:333 - Processing industry batch 4/29
2025-07-28 00:04:52 - stock_analysis.holding_stock_analyzer - INFO - _save_report:322 - Report saved to data/holding_stocks/reports/持股报告-20250725.csv
2025-07-28 00:04:52 - stock_analysis.main - INFO - run_with_detailed_progress:421 - ✅ Holding Stock Analyzer completed (top-level task kept visible)
2025-07-28 00:04:52 - stock_analysis.industry_filter - INFO - process_all_industries_async:333 - Processing industry batch 5/29
2025-07-28 00:04:53 - stock_analysis.industry_filter - INFO - process_all_industries_async:333 - Processing industry batch 6/29
2025-07-28 00:04:56 - stock_analysis.industry_filter - INFO - process_all_industries_async:333 - Processing industry batch 7/29
2025-07-28 00:04:57 - stock_analysis.industry_filter - INFO - process_all_industries_async:333 - Processing industry batch 8/29
2025-07-28 00:04:58 - stock_analysis.industry_filter - INFO - process_all_industries_async:333 - Processing industry batch 9/29
2025-07-28 00:04:59 - stock_analysis.industry_filter - INFO - process_all_industries_async:333 - Processing industry batch 10/29
2025-07-28 00:05:01 - stock_analysis.industry_filter - INFO - process_all_industries_async:333 - Processing industry batch 11/29
2025-07-28 00:05:02 - stock_analysis.industry_filter - INFO - process_all_industries_async:333 - Processing industry batch 12/29
2025-07-28 00:05:03 - stock_analysis.industry_filter - INFO - process_all_industries_async:333 - Processing industry batch 13/29
2025-07-28 00:05:04 - stock_analysis.industry_filter - INFO - process_all_industries_async:333 - Processing industry batch 14/29
2025-07-28 00:05:05 - stock_analysis.industry_filter - INFO - process_all_industries_async:333 - Processing industry batch 15/29
2025-07-28 00:05:06 - stock_analysis.industry_filter - INFO - process_all_industries_async:333 - Processing industry batch 16/29
2025-07-28 00:05:07 - stock_analysis.industry_filter - INFO - process_all_industries_async:333 - Processing industry batch 17/29
2025-07-28 00:05:09 - stock_analysis.industry_filter - INFO - process_all_industries_async:333 - Processing industry batch 18/29
2025-07-28 00:05:10 - stock_analysis.industry_filter - INFO - process_all_industries_async:333 - Processing industry batch 19/29
2025-07-28 00:05:12 - stock_analysis.industry_filter - INFO - process_all_industries_async:333 - Processing industry batch 20/29
2025-07-28 00:05:14 - stock_analysis.industry_filter - INFO - process_all_industries_async:333 - Processing industry batch 21/29
2025-07-28 00:05:16 - stock_analysis.industry_filter - INFO - process_all_industries_async:333 - Processing industry batch 22/29
2025-07-28 00:05:17 - stock_analysis.industry_filter - INFO - process_all_industries_async:333 - Processing industry batch 23/29
2025-07-28 00:05:18 - stock_analysis.industry_filter - INFO - process_all_industries_async:333 - Processing industry batch 24/29
2025-07-28 00:05:19 - stock_analysis.industry_filter - INFO - process_all_industries_async:333 - Processing industry batch 25/29
2025-07-28 00:05:21 - stock_analysis.industry_filter - INFO - process_all_industries_async:333 - Processing industry batch 26/29
2025-07-28 00:05:22 - stock_analysis.industry_filter - INFO - process_all_industries_async:333 - Processing industry batch 27/29
2025-07-28 00:05:23 - stock_analysis.industry_filter - INFO - process_all_industries_async:333 - Processing industry batch 28/29
2025-07-28 00:05:25 - stock_analysis.industry_filter - INFO - process_all_industries_async:333 - Processing industry batch 29/29
2025-07-28 00:05:27 - stock_analysis.industry_filter - INFO - _save_reports:404 - Report saved to data/stocks/reports/行业筛选报告-raw-20250728.csv
2025-07-28 00:05:27 - stock_analysis.industry_filter - INFO - _save_reports:428 - Filtered report saved to data/stocks/reports/行业筛选报告-20250728.csv
2025-07-28 00:05:27 - stock_analysis.main - INFO - run_with_detailed_progress:421 - ✅ Industry Filter completed (top-level task kept visible)
2025-07-28 00:06:03 - stock_analysis.stock_filter - INFO - process_all_industries_async:442 - Processing industry batch 2/29
2025-07-28 00:06:15 - stock_analysis.stock_filter - INFO - process_all_industries_async:442 - Processing industry batch 3/29
2025-07-28 00:06:32 - stock_analysis.stock_filter - INFO - process_all_industries_async:442 - Processing industry batch 4/29
2025-07-28 00:06:51 - stock_analysis.stock_filter - INFO - process_all_industries_async:442 - Processing industry batch 5/29
2025-07-28 00:06:56 - stock_analysis.stock_filter - INFO - process_all_industries_async:442 - Processing industry batch 6/29
2025-07-28 00:07:07 - stock_analysis.stock_filter - INFO - process_all_industries_async:442 - Processing industry batch 7/29
2025-07-28 00:07:21 - stock_analysis.stock_filter - INFO - process_all_industries_async:442 - Processing industry batch 8/29
2025-07-28 00:07:34 - stock_analysis.stock_filter - WARNING - process_single_stock_async:289 - Skipping 华之杰 (603400) due to insufficient data for the last 29 days
2025-07-28 00:17:44 - stock_analysis.main - INFO - main:541 - === Starting China Stock Analysis Pipeline ===
2025-07-28 00:17:44 - stock_analysis.main - INFO - run_all_scripts_parallel:309 - Starting parallel execution of all scripts with data fetching
2025-07-28 00:17:44 - stock_analysis.main - INFO - run_all_scripts_parallel:339 - Fetching market data before parallel script execution
2025-07-28 00:17:44 - stock_analysis.pipeline - INFO - fetch_market_data:75 - Starting market data fetching
2025-07-28 00:17:44 - stock_analysis.get_stock_data - INFO - get_stock_market_data:68 - Loading cached stock market data from data/stocks/stock_zh_a_spot_em_df-20250728.csv
2025-07-28 00:17:44 - stock_analysis.get_stock_data - INFO - get_industry_stock_mapping_data:162 - Loading cached industry mapping data from data/stocks/industry_stock_mapping_df-20250728.csv
2025-07-28 00:17:44 - stock_analysis.pipeline - INFO - fetch_market_data:105 - Stock market data fetched: 5735 stocks
2025-07-28 00:17:44 - stock_analysis.pipeline - INFO - fetch_market_data:106 - Industry mapping data fetched: 5498 mappings
2025-07-28 00:17:44 - stock_analysis.pipeline - INFO - fetch_market_data:115 - Market data fetching completed successfully
2025-07-28 00:17:44 - stock_analysis.main - INFO - run_all_scripts_parallel:350 - Creating individual progress trackers for parallel script execution
2025-07-28 00:17:44 - stock_analysis.main - INFO - run_all_scripts_parallel:432 - 🚀 Launching parallel script execution with hierarchical progress tracking
2025-07-28 00:17:44 - stock_analysis.stock_filter - INFO - prepare_stock_data:213 - Loaded 1690 stocks across 85 industries
2025-07-28 00:17:44 - stock_analysis.stock_filter - INFO - process_all_industries_async:442 - Processing industry batch 1/29
2025-07-28 00:17:44 - stock_analysis.holding_stock_analyzer - INFO - load_holding_stocks_from_files:170 - Loaded 5 stocks for account '华泰-沈海纳'
2025-07-28 00:17:44 - stock_analysis.holding_stock_analyzer - INFO - load_holding_stocks_from_files:170 - Loaded 2 stocks for account '中银-杨敏靖'
2025-07-28 00:17:44 - stock_analysis.holding_stock_analyzer - INFO - load_holding_stocks_from_files:170 - Loaded 0 stocks for account '中银-沈海纳'
2025-07-28 00:17:44 - stock_analysis.holding_stock_analyzer - INFO - load_holding_stocks_from_files:170 - Loaded 2 stocks for account '华泰-杨平旃'
2025-07-28 00:17:44 - stock_analysis.holding_stock_analyzer - INFO - load_holding_stocks_from_files:179 - Loaded holding stocks for 4 accounts
2025-07-28 00:18:00 - stock_analysis.main - INFO - main:541 - === Starting China Stock Analysis Pipeline ===
2025-07-28 00:18:00 - stock_analysis.main - INFO - run_all_scripts_parallel:309 - Starting parallel execution of all scripts with data fetching
2025-07-28 00:18:00 - stock_analysis.main - INFO - run_all_scripts_parallel:339 - Fetching market data before parallel script execution
2025-07-28 00:18:00 - stock_analysis.pipeline - INFO - fetch_market_data:75 - Starting market data fetching
2025-07-28 00:18:00 - stock_analysis.get_stock_data - INFO - get_stock_market_data:68 - Loading cached stock market data from data/stocks/stock_zh_a_spot_em_df-20250728.csv
2025-07-28 00:18:00 - stock_analysis.get_stock_data - INFO - get_industry_stock_mapping_data:164 - Loading cached industry mapping data from data/stocks/industry_stock_mapping_df-20250728.csv
2025-07-28 00:18:00 - stock_analysis.pipeline - INFO - fetch_market_data:105 - Stock market data fetched: 5735 stocks
2025-07-28 00:18:00 - stock_analysis.pipeline - INFO - fetch_market_data:106 - Industry mapping data fetched: 5498 mappings
2025-07-28 00:18:00 - stock_analysis.pipeline - INFO - fetch_market_data:115 - Market data fetching completed successfully
2025-07-28 00:18:00 - stock_analysis.main - INFO - run_all_scripts_parallel:350 - Creating individual progress trackers for parallel script execution
2025-07-28 00:18:00 - stock_analysis.main - INFO - run_all_scripts_parallel:432 - 🚀 Launching parallel script execution with hierarchical progress tracking
2025-07-28 00:18:00 - stock_analysis.stock_filter - INFO - prepare_stock_data:213 - Loaded 1690 stocks across 85 industries
2025-07-28 00:18:00 - stock_analysis.stock_filter - INFO - process_all_industries_async:442 - Processing industry batch 1/29
2025-07-28 00:18:00 - stock_analysis.holding_stock_analyzer - INFO - load_holding_stocks_from_files:170 - Loaded 5 stocks for account '华泰-沈海纳'
2025-07-28 00:18:00 - stock_analysis.holding_stock_analyzer - INFO - load_holding_stocks_from_files:170 - Loaded 2 stocks for account '中银-杨敏靖'
2025-07-28 00:18:00 - stock_analysis.holding_stock_analyzer - INFO - load_holding_stocks_from_files:170 - Loaded 0 stocks for account '中银-沈海纳'
2025-07-28 00:18:00 - stock_analysis.holding_stock_analyzer - INFO - load_holding_stocks_from_files:170 - Loaded 2 stocks for account '华泰-杨平旃'
2025-07-28 00:18:00 - stock_analysis.holding_stock_analyzer - INFO - load_holding_stocks_from_files:179 - Loaded holding stocks for 4 accounts
2025-07-28 00:18:04 - stock_analysis.industry_filter - INFO - process_all_industries_async:333 - Processing industry batch 1/29
2025-07-28 00:29:33 - stock_analysis.main - INFO - main:541 - === Starting China Stock Analysis Pipeline ===
2025-07-28 00:29:33 - stock_analysis.main - INFO - run_all_scripts_parallel:309 - Starting parallel execution of all scripts with data fetching
2025-07-28 00:29:33 - stock_analysis.main - INFO - run_all_scripts_parallel:339 - Fetching market data before parallel script execution
2025-07-28 00:29:33 - stock_analysis.pipeline - INFO - fetch_market_data:75 - Starting market data fetching
2025-07-28 00:29:33 - stock_analysis.get_stock_data - INFO - get_stock_market_data:68 - Loading cached stock market data from data/stocks/stock_zh_a_spot_em_df-20250728.csv
2025-07-28 00:29:33 - stock_analysis.get_stock_data - INFO - get_industry_stock_mapping_data:164 - Loading cached industry mapping data from data/stocks/industry_stock_mapping_df-20250728.csv
2025-07-28 00:29:33 - stock_analysis.pipeline - INFO - fetch_market_data:105 - Stock market data fetched: 5735 stocks
2025-07-28 00:29:33 - stock_analysis.pipeline - INFO - fetch_market_data:106 - Industry mapping data fetched: 5498 mappings
2025-07-28 00:29:33 - stock_analysis.pipeline - INFO - fetch_market_data:115 - Market data fetching completed successfully
2025-07-28 00:29:33 - stock_analysis.main - INFO - run_all_scripts_parallel:350 - Creating individual progress trackers for parallel script execution
2025-07-28 00:29:33 - stock_analysis.main - INFO - run_all_scripts_parallel:432 - 🚀 Launching parallel script execution with hierarchical progress tracking
2025-07-28 00:29:33 - stock_analysis.stock_filter - INFO - prepare_stock_data:213 - Loaded 1690 stocks across 85 industries
2025-07-28 00:29:33 - stock_analysis.stock_filter - INFO - process_all_industries_async:442 - Processing industry batch 1/29
2025-07-28 00:29:33 - stock_analysis.holding_stock_analyzer - INFO - load_holding_stocks_from_files:170 - Loaded 5 stocks for account '华泰-沈海纳'
2025-07-28 00:29:33 - stock_analysis.holding_stock_analyzer - INFO - load_holding_stocks_from_files:170 - Loaded 2 stocks for account '中银-杨敏靖'
2025-07-28 00:29:33 - stock_analysis.holding_stock_analyzer - INFO - load_holding_stocks_from_files:170 - Loaded 0 stocks for account '中银-沈海纳'
2025-07-28 00:29:33 - stock_analysis.holding_stock_analyzer - INFO - load_holding_stocks_from_files:170 - Loaded 2 stocks for account '华泰-杨平旃'
2025-07-28 00:29:33 - stock_analysis.holding_stock_analyzer - INFO - load_holding_stocks_from_files:179 - Loaded holding stocks for 4 accounts
2025-07-28 00:29:36 - stock_analysis.industry_filter - INFO - process_all_industries_async:333 - Processing industry batch 1/29
2025-07-28 00:29:50 - stock_analysis.retry - INFO - retry_call:130 - Function stock_individual_fund_flow completed in 12.8 seconds (attempt 1/3)
2025-07-28 00:30:00 - stock_analysis.retry - INFO - retry_call:130 - Function stock_individual_fund_flow completed in 20.3 seconds (attempt 1/3)
2025-07-28 00:30:04 - stock_analysis.retry - INFO - retry_call:130 - Function stock_individual_fund_flow completed in 24.5 seconds (attempt 1/3)
2025-07-28 00:30:13 - stock_analysis.retry - INFO - retry_call:130 - Function stock_individual_fund_flow completed in 36.8 seconds (attempt 1/3)
2025-07-28 00:30:21 - stock_analysis.retry - WARNING - run_with_timeout:116 - Function stock_individual_fund_flow timed out after 45.0 seconds
2025-07-28 00:30:23 - stock_analysis.retry - WARNING - run_with_timeout:116 - Function stock_individual_fund_flow timed out after 45.0 seconds
2025-07-28 00:30:25 - stock_analysis.retry - WARNING - run_with_timeout:116 - Function stock_board_industry_hist_em timed out after 45.0 seconds
2025-07-28 00:30:25 - stock_analysis.retry - WARNING - run_with_timeout:116 - Function stock_individual_fund_flow timed out after 45.0 seconds
2025-07-28 00:30:26 - stock_analysis.retry - WARNING - run_with_timeout:116 - Function stock_individual_fund_flow timed out after 45.0 seconds
2025-07-28 00:30:26 - stock_analysis.retry - WARNING - run_with_timeout:116 - Function stock_individual_fund_flow timed out after 45.0 seconds
2025-07-28 00:30:36 - stock_analysis.retry - WARNING - run_with_timeout:116 - Function stock_individual_fund_flow timed out after 45.0 seconds
2025-07-28 00:30:38 - stock_analysis.retry - WARNING - run_with_timeout:116 - Function stock_individual_fund_flow timed out after 45.0 seconds
2025-07-28 00:30:38 - stock_analysis.retry - WARNING - run_with_timeout:116 - Function stock_individual_fund_flow timed out after 45.0 seconds
2025-07-28 00:30:43 - stock_analysis.stock_filter - ERROR - process_single_stock_async:338 - Error processing 鲁抗医药 (600789): catching classes that do not inherit from BaseException is not allowed
2025-07-28 00:30:45 - stock_analysis.retry - WARNING - run_with_timeout:116 - Function stock_individual_fund_flow timed out after 45.0 seconds
2025-07-28 00:30:49 - stock_analysis.retry - WARNING - run_with_timeout:116 - Function stock_individual_fund_flow timed out after 45.0 seconds
2025-07-28 00:30:53 - stock_analysis.stock_filter - ERROR - process_single_stock_async:338 - Error processing 福元医药 (601089): catching classes that do not inherit from BaseException is not allowed
2025-07-28 00:30:58 - stock_analysis.retry - WARNING - run_with_timeout:116 - Function stock_individual_fund_flow timed out after 45.0 seconds
2025-07-28 00:31:07 - stock_analysis.holding_stock_analyzer - ERROR - analyze_single_stock:308 - Error processing 上能电气 (300827): catching classes that do not inherit from BaseException is not allowed
2025-07-28 00:31:09 - stock_analysis.stock_filter - ERROR - process_single_stock_async:338 - Error processing 诚意药业 (603811): catching classes that do not inherit from BaseException is not allowed
2025-07-28 00:31:12 - stock_analysis.holding_stock_analyzer - INFO - _save_report:322 - Report saved to data/holding_stocks/reports/持股报告-20250725.csv
2025-07-28 00:31:12 - stock_analysis.main - INFO - run_with_detailed_progress:421 - ✅ Holding Stock Analyzer completed (top-level task kept visible)
2025-07-28 00:31:19 - stock_analysis.stock_filter - ERROR - process_single_stock_async:338 - Error processing 哈药股份 (600664): catching classes that do not inherit from BaseException is not allowed
2025-07-28 00:36:06 - stock_analysis.main - INFO - main:541 - === Starting China Stock Analysis Pipeline ===
2025-07-28 00:36:06 - stock_analysis.main - INFO - run_all_scripts_parallel:309 - Starting parallel execution of all scripts with data fetching
2025-07-28 00:36:06 - stock_analysis.main - INFO - run_all_scripts_parallel:339 - Fetching market data before parallel script execution
2025-07-28 00:36:06 - stock_analysis.pipeline - INFO - fetch_market_data:75 - Starting market data fetching
2025-07-28 00:36:06 - stock_analysis.get_stock_data - INFO - get_stock_market_data:68 - Loading cached stock market data from data/stocks/stock_zh_a_spot_em_df-20250728.csv
2025-07-28 00:36:06 - stock_analysis.get_stock_data - INFO - get_industry_stock_mapping_data:158 - Loading cached industry mapping data from data/stocks/industry_stock_mapping_df-20250728.csv
2025-07-28 00:36:06 - stock_analysis.pipeline - INFO - fetch_market_data:105 - Stock market data fetched: 5735 stocks
2025-07-28 00:36:06 - stock_analysis.pipeline - INFO - fetch_market_data:106 - Industry mapping data fetched: 5498 mappings
2025-07-28 00:36:06 - stock_analysis.pipeline - INFO - fetch_market_data:115 - Market data fetching completed successfully
2025-07-28 00:36:06 - stock_analysis.main - INFO - run_all_scripts_parallel:350 - Creating individual progress trackers for parallel script execution
2025-07-28 00:36:06 - stock_analysis.main - INFO - run_all_scripts_parallel:432 - 🚀 Launching parallel script execution with hierarchical progress tracking
2025-07-28 00:36:06 - stock_analysis.stock_filter - INFO - prepare_stock_data:213 - Loaded 1690 stocks across 85 industries
2025-07-28 00:36:06 - stock_analysis.stock_filter - INFO - process_all_industries_async:442 - Processing industry batch 1/29
2025-07-28 00:36:06 - stock_analysis.holding_stock_analyzer - INFO - load_holding_stocks_from_files:170 - Loaded 5 stocks for account '华泰-沈海纳'
2025-07-28 00:36:06 - stock_analysis.holding_stock_analyzer - INFO - load_holding_stocks_from_files:170 - Loaded 2 stocks for account '中银-杨敏靖'
2025-07-28 00:36:06 - stock_analysis.holding_stock_analyzer - INFO - load_holding_stocks_from_files:170 - Loaded 0 stocks for account '中银-沈海纳'
2025-07-28 00:36:06 - stock_analysis.holding_stock_analyzer - INFO - load_holding_stocks_from_files:170 - Loaded 2 stocks for account '华泰-杨平旃'
2025-07-28 00:36:06 - stock_analysis.holding_stock_analyzer - INFO - load_holding_stocks_from_files:179 - Loaded holding stocks for 4 accounts
2025-07-28 00:36:11 - stock_analysis.industry_filter - INFO - process_all_industries_async:333 - Processing industry batch 1/29
2025-07-28 00:36:13 - stock_analysis.industry_filter - INFO - process_all_industries_async:333 - Processing industry batch 2/29
2025-07-28 00:36:14 - stock_analysis.industry_filter - INFO - process_all_industries_async:333 - Processing industry batch 3/29
2025-07-28 00:36:15 - stock_analysis.industry_filter - INFO - process_all_industries_async:333 - Processing industry batch 4/29
2025-07-28 00:36:17 - stock_analysis.industry_filter - INFO - process_all_industries_async:333 - Processing industry batch 5/29
2025-07-28 00:36:19 - stock_analysis.industry_filter - INFO - process_all_industries_async:333 - Processing industry batch 6/29
2025-07-28 00:36:20 - stock_analysis.industry_filter - INFO - process_all_industries_async:333 - Processing industry batch 7/29
2025-07-28 00:36:20 - stock_analysis.holding_stock_analyzer - INFO - _save_report:322 - Report saved to data/holding_stocks/reports/持股报告-20250725.csv
2025-07-28 00:36:20 - stock_analysis.main - INFO - run_with_detailed_progress:421 - ✅ Holding Stock Analyzer completed (top-level task kept visible)
2025-07-28 00:36:21 - stock_analysis.stock_filter - INFO - process_all_industries_async:442 - Processing industry batch 2/29
2025-07-28 00:36:22 - stock_analysis.industry_filter - INFO - process_all_industries_async:333 - Processing industry batch 8/29
2025-07-28 00:36:24 - stock_analysis.industry_filter - INFO - process_all_industries_async:333 - Processing industry batch 9/29
2025-07-28 00:36:25 - stock_analysis.industry_filter - INFO - process_all_industries_async:333 - Processing industry batch 10/29
2025-07-28 00:36:27 - stock_analysis.industry_filter - INFO - process_all_industries_async:333 - Processing industry batch 11/29
2025-07-28 00:36:28 - stock_analysis.stock_filter - INFO - process_all_industries_async:442 - Processing industry batch 3/29
2025-07-28 00:36:28 - stock_analysis.industry_filter - INFO - process_all_industries_async:333 - Processing industry batch 12/29
2025-07-28 00:36:30 - stock_analysis.industry_filter - INFO - process_all_industries_async:333 - Processing industry batch 13/29
2025-07-28 00:36:31 - stock_analysis.industry_filter - INFO - process_all_industries_async:333 - Processing industry batch 14/29
2025-07-28 00:36:33 - stock_analysis.industry_filter - INFO - process_all_industries_async:333 - Processing industry batch 15/29
2025-07-28 00:36:34 - stock_analysis.industry_filter - INFO - process_all_industries_async:333 - Processing industry batch 16/29
2025-07-28 00:36:35 - stock_analysis.industry_filter - INFO - process_all_industries_async:333 - Processing industry batch 17/29
2025-07-28 00:36:37 - stock_analysis.industry_filter - INFO - process_all_industries_async:333 - Processing industry batch 18/29
2025-07-28 00:36:37 - stock_analysis.stock_filter - INFO - process_all_industries_async:442 - Processing industry batch 4/29
2025-07-28 00:36:38 - stock_analysis.industry_filter - INFO - process_all_industries_async:333 - Processing industry batch 19/29
2025-07-28 00:36:40 - stock_analysis.industry_filter - INFO - process_all_industries_async:333 - Processing industry batch 20/29
2025-07-28 00:36:41 - stock_analysis.industry_filter - INFO - process_all_industries_async:333 - Processing industry batch 21/29
2025-07-28 00:36:42 - stock_analysis.industry_filter - INFO - process_all_industries_async:333 - Processing industry batch 22/29
2025-07-28 00:36:44 - stock_analysis.industry_filter - INFO - process_all_industries_async:333 - Processing industry batch 23/29
2025-07-28 00:36:46 - stock_analysis.industry_filter - INFO - process_all_industries_async:333 - Processing industry batch 24/29
2025-07-28 00:36:47 - stock_analysis.stock_filter - INFO - process_all_industries_async:442 - Processing industry batch 5/29
2025-07-28 00:36:47 - stock_analysis.industry_filter - INFO - process_all_industries_async:333 - Processing industry batch 25/29
2025-07-28 00:36:49 - stock_analysis.industry_filter - INFO - process_all_industries_async:333 - Processing industry batch 26/29
2025-07-28 00:36:50 - stock_analysis.industry_filter - INFO - process_all_industries_async:333 - Processing industry batch 27/29
2025-07-28 00:36:50 - stock_analysis.stock_filter - INFO - process_all_industries_async:442 - Processing industry batch 6/29
2025-07-28 00:36:51 - stock_analysis.industry_filter - INFO - process_all_industries_async:333 - Processing industry batch 28/29
2025-07-28 00:36:52 - stock_analysis.industry_filter - INFO - process_all_industries_async:333 - Processing industry batch 29/29
2025-07-28 00:36:54 - stock_analysis.industry_filter - INFO - _save_reports:404 - Report saved to data/stocks/reports/行业筛选报告-raw-20250728.csv
2025-07-28 00:36:54 - stock_analysis.industry_filter - INFO - _save_reports:428 - Filtered report saved to data/stocks/reports/行业筛选报告-20250728.csv
2025-07-28 00:36:54 - stock_analysis.main - INFO - run_with_detailed_progress:421 - ✅ Industry Filter completed (top-level task kept visible)
2025-07-28 00:36:56 - stock_analysis.stock_filter - INFO - process_all_industries_async:442 - Processing industry batch 7/29
2025-07-28 00:37:03 - stock_analysis.stock_filter - INFO - process_all_industries_async:442 - Processing industry batch 8/29
2025-07-28 00:46:32 - stock_analysis.main - INFO - main:542 - === Starting China Stock Analysis Pipeline ===
2025-07-28 00:46:32 - stock_analysis.main - INFO - run_all_scripts_parallel:310 - Starting parallel execution of all scripts with data fetching
2025-07-28 00:46:32 - stock_analysis.main - INFO - run_all_scripts_parallel:340 - Fetching market data before parallel script execution
2025-07-28 00:46:32 - stock_analysis.pipeline - INFO - fetch_market_data:75 - Starting market data fetching
2025-07-28 00:46:32 - stock_analysis.get_stock_data - INFO - get_stock_market_data:68 - Loading cached stock market data from data/stocks/stock_zh_a_spot_em_df-20250728.csv
2025-07-28 00:46:32 - stock_analysis.get_stock_data - INFO - get_industry_stock_mapping_data:158 - Loading cached industry mapping data from data/stocks/industry_stock_mapping_df-20250728.csv
2025-07-28 00:46:32 - stock_analysis.pipeline - INFO - fetch_market_data:105 - Stock market data fetched: 5735 stocks
2025-07-28 00:46:32 - stock_analysis.pipeline - INFO - fetch_market_data:106 - Industry mapping data fetched: 5498 mappings
2025-07-28 00:46:32 - stock_analysis.pipeline - INFO - fetch_market_data:115 - Market data fetching completed successfully
2025-07-28 00:46:32 - stock_analysis.main - INFO - run_all_scripts_parallel:351 - Creating individual progress trackers for parallel script execution
2025-07-28 00:46:32 - stock_analysis.main - INFO - run_all_scripts_parallel:433 - 🚀 Launching parallel script execution with hierarchical progress tracking
2025-07-28 00:46:32 - stock_analysis.stock_filter - INFO - prepare_stock_data:213 - Loaded 1690 stocks across 85 industries
2025-07-28 00:46:32 - stock_analysis.stock_filter - INFO - process_all_industries_async:442 - Processing industry batch 1/29
2025-07-28 00:46:32 - stock_analysis.holding_stock_analyzer - INFO - load_holding_stocks_from_files:170 - Loaded 5 stocks for account '华泰-沈海纳'
2025-07-28 00:46:32 - stock_analysis.holding_stock_analyzer - INFO - load_holding_stocks_from_files:170 - Loaded 2 stocks for account '中银-杨敏靖'
2025-07-28 00:46:32 - stock_analysis.holding_stock_analyzer - INFO - load_holding_stocks_from_files:170 - Loaded 0 stocks for account '中银-沈海纳'
2025-07-28 00:46:32 - stock_analysis.holding_stock_analyzer - INFO - load_holding_stocks_from_files:170 - Loaded 2 stocks for account '华泰-杨平旃'
2025-07-28 00:46:32 - stock_analysis.holding_stock_analyzer - INFO - load_holding_stocks_from_files:179 - Loaded holding stocks for 4 accounts
2025-07-28 00:46:40 - stock_analysis.industry_filter - INFO - process_all_industries_async:333 - Processing industry batch 1/29
2025-07-28 00:46:42 - stock_analysis.industry_filter - INFO - process_all_industries_async:333 - Processing industry batch 2/29
2025-07-28 00:46:43 - stock_analysis.industry_filter - INFO - process_all_industries_async:333 - Processing industry batch 3/29
2025-07-28 00:46:45 - stock_analysis.industry_filter - INFO - process_all_industries_async:333 - Processing industry batch 4/29
2025-07-28 00:46:46 - stock_analysis.industry_filter - INFO - process_all_industries_async:333 - Processing industry batch 5/29
2025-07-28 00:46:47 - stock_analysis.holding_stock_analyzer - INFO - _save_report:322 - Report saved to data/holding_stocks/reports/持股报告-20250725.csv
2025-07-28 00:46:47 - stock_analysis.main - INFO - run_with_detailed_progress:422 - ✅ Holding Stock Analyzer completed (top-level task kept visible)
2025-07-28 00:46:47 - stock_analysis.industry_filter - INFO - process_all_industries_async:333 - Processing industry batch 6/29
2025-07-28 00:46:49 - stock_analysis.industry_filter - INFO - process_all_industries_async:333 - Processing industry batch 7/29
2025-07-28 00:46:50 - stock_analysis.industry_filter - INFO - process_all_industries_async:333 - Processing industry batch 8/29
2025-07-28 00:46:50 - stock_analysis.stock_filter - INFO - process_all_industries_async:442 - Processing industry batch 2/29
2025-07-28 00:46:52 - stock_analysis.industry_filter - INFO - process_all_industries_async:333 - Processing industry batch 9/29
2025-07-28 00:46:54 - stock_analysis.industry_filter - INFO - process_all_industries_async:333 - Processing industry batch 10/29
2025-07-28 00:46:55 - stock_analysis.industry_filter - INFO - process_all_industries_async:333 - Processing industry batch 11/29
2025-07-28 00:46:56 - stock_analysis.industry_filter - INFO - process_all_industries_async:333 - Processing industry batch 12/29
2025-07-28 00:46:57 - stock_analysis.stock_filter - INFO - process_all_industries_async:442 - Processing industry batch 3/29
2025-07-28 00:46:58 - stock_analysis.industry_filter - INFO - process_all_industries_async:333 - Processing industry batch 13/29
2025-07-28 00:46:59 - stock_analysis.industry_filter - INFO - process_all_industries_async:333 - Processing industry batch 14/29
2025-07-28 00:47:00 - stock_analysis.industry_filter - INFO - process_all_industries_async:333 - Processing industry batch 15/29
2025-07-28 00:47:02 - stock_analysis.industry_filter - INFO - process_all_industries_async:333 - Processing industry batch 16/29
2025-07-28 00:47:03 - stock_analysis.industry_filter - INFO - process_all_industries_async:333 - Processing industry batch 17/29
2025-07-28 00:47:04 - stock_analysis.industry_filter - INFO - process_all_industries_async:333 - Processing industry batch 18/29
2025-07-28 00:47:06 - stock_analysis.industry_filter - INFO - process_all_industries_async:333 - Processing industry batch 19/29
2025-07-28 00:47:07 - stock_analysis.stock_filter - INFO - process_all_industries_async:442 - Processing industry batch 4/29
2025-07-28 00:47:08 - stock_analysis.industry_filter - INFO - process_all_industries_async:333 - Processing industry batch 20/29
2025-07-28 00:47:09 - stock_analysis.industry_filter - INFO - process_all_industries_async:333 - Processing industry batch 21/29
2025-07-28 00:47:10 - stock_analysis.industry_filter - INFO - process_all_industries_async:333 - Processing industry batch 22/29
2025-07-28 00:47:12 - stock_analysis.industry_filter - INFO - process_all_industries_async:333 - Processing industry batch 23/29
2025-07-28 00:47:13 - stock_analysis.industry_filter - INFO - process_all_industries_async:333 - Processing industry batch 24/29
2025-07-28 00:47:14 - stock_analysis.industry_filter - INFO - process_all_industries_async:333 - Processing industry batch 25/29
2025-07-28 00:47:16 - stock_analysis.industry_filter - INFO - process_all_industries_async:333 - Processing industry batch 26/29
2025-07-28 00:47:16 - stock_analysis.stock_filter - INFO - process_all_industries_async:442 - Processing industry batch 5/29
2025-07-28 00:47:17 - stock_analysis.industry_filter - INFO - process_all_industries_async:333 - Processing industry batch 27/29
2025-07-28 00:47:18 - stock_analysis.stock_filter - INFO - process_all_industries_async:442 - Processing industry batch 6/29
2025-07-28 00:47:18 - stock_analysis.industry_filter - INFO - process_all_industries_async:333 - Processing industry batch 28/29
2025-07-28 00:47:20 - stock_analysis.industry_filter - INFO - process_all_industries_async:333 - Processing industry batch 29/29
2025-07-28 00:47:22 - stock_analysis.industry_filter - INFO - _save_reports:404 - Report saved to data/stocks/reports/行业筛选报告-raw-20250728.csv
2025-07-28 00:47:22 - stock_analysis.industry_filter - INFO - _save_reports:428 - Filtered report saved to data/stocks/reports/行业筛选报告-20250728.csv
2025-07-28 00:47:22 - stock_analysis.main - INFO - run_with_detailed_progress:422 - ✅ Industry Filter completed (top-level task kept visible)
2025-07-28 00:47:24 - stock_analysis.stock_filter - INFO - process_all_industries_async:442 - Processing industry batch 7/29
2025-07-28 00:47:31 - stock_analysis.stock_filter - INFO - process_all_industries_async:442 - Processing industry batch 8/29
2025-07-28 00:47:41 - stock_analysis.stock_filter - WARNING - process_single_stock_async:289 - Skipping 华之杰 (603400) due to insufficient data for the last 29 days
2025-07-28 00:47:45 - stock_analysis.stock_filter - INFO - process_all_industries_async:442 - Processing industry batch 9/29
2025-07-28 00:47:47 - stock_analysis.stock_filter - INFO - process_all_industries_async:442 - Processing industry batch 10/29
2025-07-28 00:47:52 - stock_analysis.stock_filter - INFO - process_all_industries_async:442 - Processing industry batch 11/29
2025-07-28 00:47:56 - stock_analysis.stock_filter - INFO - process_all_industries_async:442 - Processing industry batch 12/29
2025-07-28 00:47:59 - stock_analysis.stock_filter - INFO - process_all_industries_async:442 - Processing industry batch 13/29
2025-07-28 00:48:06 - stock_analysis.stock_filter - WARNING - process_single_stock_async:289 - Skipping 广信科技 (920037) due to insufficient data for the last 29 days
2025-07-28 00:48:12 - stock_analysis.stock_filter - INFO - process_all_industries_async:442 - Processing industry batch 14/29
2025-07-28 00:48:21 - stock_analysis.stock_filter - INFO - process_all_industries_async:442 - Processing industry batch 15/29
2025-07-28 00:48:29 - stock_analysis.stock_filter - INFO - process_all_industries_async:442 - Processing industry batch 16/29
2025-07-28 00:48:32 - stock_analysis.stock_filter - INFO - process_all_industries_async:442 - Processing industry batch 17/29
2025-07-28 00:48:36 - stock_analysis.stock_filter - INFO - process_all_industries_async:442 - Processing industry batch 18/29
2025-07-28 00:48:39 - stock_analysis.stock_filter - INFO - process_all_industries_async:442 - Processing industry batch 19/29
2025-07-28 00:48:45 - stock_analysis.stock_filter - INFO - process_all_industries_async:442 - Processing industry batch 20/29
2025-07-28 00:48:50 - stock_analysis.stock_filter - INFO - process_all_industries_async:442 - Processing industry batch 21/29
2025-07-28 00:48:53 - stock_analysis.stock_filter - INFO - process_all_industries_async:442 - Processing industry batch 22/29
2025-07-28 00:48:56 - stock_analysis.stock_filter - INFO - process_all_industries_async:442 - Processing industry batch 23/29
2025-07-28 00:48:59 - stock_analysis.stock_filter - INFO - process_all_industries_async:442 - Processing industry batch 24/29
2025-07-28 00:49:22 - stock_analysis.retry - INFO - retry_call:128 - Function stock_individual_fund_flow completed in 21.8 seconds (attempt 1/3)
2025-07-28 00:49:34 - stock_analysis.retry - INFO - retry_call:128 - Function stock_individual_fund_flow completed in 34.4 seconds (attempt 1/3)
2025-07-28 00:49:34 - stock_analysis.retry - INFO - retry_call:128 - Function stock_individual_fund_flow completed in 34.5 seconds (attempt 1/3)
2025-07-28 00:49:46 - stock_analysis.retry - WARNING - run_with_timeout:114 - Function stock_individual_fund_flow timed out after 45.0 seconds
2025-07-28 00:49:49 - stock_analysis.retry - WARNING - run_with_timeout:114 - Function stock_individual_fund_flow timed out after 45.0 seconds
2025-07-28 00:49:50 - stock_analysis.retry - WARNING - run_with_timeout:114 - Function stock_individual_fund_flow timed out after 45.0 seconds
2025-07-28 00:49:51 - stock_analysis.retry - WARNING - run_with_timeout:114 - Function stock_individual_fund_flow timed out after 45.0 seconds
2025-07-28 00:49:52 - stock_analysis.retry - WARNING - run_with_timeout:114 - Function stock_individual_fund_flow timed out after 45.0 seconds
2025-07-28 00:49:52 - stock_analysis.retry - WARNING - run_with_timeout:114 - Function stock_individual_fund_flow timed out after 45.0 seconds
2025-07-28 00:49:53 - stock_analysis.retry - WARNING - run_with_timeout:114 - Function stock_individual_fund_flow timed out after 45.0 seconds
2025-07-28 00:49:58 - stock_analysis.retry - INFO - retry_call:128 - Function stock_individual_fund_flow completed in 16.4 seconds (attempt 1/3)
2025-07-28 00:49:58 - stock_analysis.retry - INFO - retry_call:128 - Function stock_individual_fund_flow completed in 24.2 seconds (attempt 1/3)
2025-07-28 00:50:09 - stock_analysis.retry - WARNING - run_with_timeout:114 - Function stock_individual_fund_flow timed out after 45.0 seconds
2025-07-28 00:50:22 - stock_analysis.retry - WARNING - retry_call:146 - Function stock_individual_fund_flow timed out (attempt 1/3) after 76.5 seconds. Retrying in 1.0 seconds...
2025-07-28 00:50:24 - stock_analysis.retry - WARNING - retry_call:146 - Function stock_individual_fund_flow timed out (attempt 1/3) after 75.9 seconds. Retrying in 1.0 seconds...
2025-07-28 00:50:40 - stock_analysis.retry - WARNING - retry_call:146 - Function stock_individual_fund_flow timed out (attempt 1/3) after 75.8 seconds. Retrying in 1.0 seconds...
2025-07-28 00:51:02 - stock_analysis.retry - WARNING - retry_call:146 - Function stock_individual_fund_flow timed out (attempt 1/3) after 117.1 seconds. Retrying in 1.0 seconds...
2025-07-28 00:51:41 - stock_analysis.retry - WARNING - retry_call:146 - Function stock_individual_fund_flow timed out (attempt 1/3) after 154.3 seconds. Retrying in 1.0 seconds...
2025-07-28 00:58:11 - stock_analysis.main - INFO - main:542 - === Starting China Stock Analysis Pipeline ===
2025-07-28 00:58:11 - stock_analysis.main - INFO - run_all_scripts_parallel:310 - Starting parallel execution of all scripts with data fetching
2025-07-28 00:58:11 - stock_analysis.main - INFO - run_all_scripts_parallel:340 - Fetching market data before parallel script execution
2025-07-28 00:58:11 - stock_analysis.pipeline - INFO - fetch_market_data:75 - Starting market data fetching
2025-07-28 00:58:11 - stock_analysis.get_stock_data - INFO - get_stock_market_data:68 - Loading cached stock market data from data/stocks/stock_zh_a_spot_em_df-20250728.csv
2025-07-28 00:58:11 - stock_analysis.get_stock_data - INFO - get_industry_stock_mapping_data:158 - Loading cached industry mapping data from data/stocks/industry_stock_mapping_df-20250728.csv
2025-07-28 00:58:11 - stock_analysis.pipeline - INFO - fetch_market_data:105 - Stock market data fetched: 5735 stocks
2025-07-28 00:58:11 - stock_analysis.pipeline - INFO - fetch_market_data:106 - Industry mapping data fetched: 5498 mappings
2025-07-28 00:58:11 - stock_analysis.pipeline - INFO - fetch_market_data:115 - Market data fetching completed successfully
2025-07-28 00:58:11 - stock_analysis.main - INFO - run_all_scripts_parallel:351 - Creating individual progress trackers for parallel script execution
2025-07-28 00:58:11 - stock_analysis.main - INFO - run_all_scripts_parallel:433 - 🚀 Launching parallel script execution with hierarchical progress tracking
2025-07-28 00:58:11 - stock_analysis.stock_filter - INFO - prepare_stock_data:213 - Loaded 1690 stocks across 85 industries
2025-07-28 00:58:11 - stock_analysis.stock_filter - INFO - process_all_industries_async:450 - Processing industry batch 1/29
2025-07-28 00:58:11 - stock_analysis.holding_stock_analyzer - INFO - load_holding_stocks_from_files:170 - Loaded 5 stocks for account '华泰-沈海纳'
2025-07-28 00:58:11 - stock_analysis.holding_stock_analyzer - INFO - load_holding_stocks_from_files:170 - Loaded 2 stocks for account '中银-杨敏靖'
2025-07-28 00:58:11 - stock_analysis.holding_stock_analyzer - INFO - load_holding_stocks_from_files:170 - Loaded 0 stocks for account '中银-沈海纳'
2025-07-28 00:58:11 - stock_analysis.holding_stock_analyzer - INFO - load_holding_stocks_from_files:170 - Loaded 2 stocks for account '华泰-杨平旃'
2025-07-28 00:58:11 - stock_analysis.holding_stock_analyzer - INFO - load_holding_stocks_from_files:179 - Loaded holding stocks for 4 accounts
2025-07-28 00:58:27 - stock_analysis.retry - INFO - retry_call:128 - Function stock_board_industry_name_em completed in 15.8 seconds (attempt 1/3)
2025-07-28 00:58:30 - stock_analysis.industry_filter - INFO - process_all_industries_async:345 - Processing industry batch 1/29
2025-07-28 00:58:36 - stock_analysis.industry_filter - INFO - process_all_industries_async:345 - Processing industry batch 2/29
2025-07-28 00:58:41 - stock_analysis.industry_filter - INFO - process_all_industries_async:345 - Processing industry batch 3/29
2025-07-28 00:58:44 - stock_analysis.industry_filter - INFO - process_all_industries_async:345 - Processing industry batch 4/29
2025-07-28 00:58:45 - stock_analysis.holding_stock_analyzer - INFO - _save_report:322 - Report saved to data/holding_stocks/reports/持股报告-20250725.csv
2025-07-28 00:58:45 - stock_analysis.main - INFO - run_with_detailed_progress:422 - ✅ Holding Stock Analyzer completed (top-level task kept visible)
2025-07-28 00:58:46 - stock_analysis.industry_filter - INFO - process_all_industries_async:345 - Processing industry batch 5/29
2025-07-28 00:58:49 - stock_analysis.industry_filter - INFO - process_all_industries_async:345 - Processing industry batch 6/29
2025-07-28 00:58:51 - stock_analysis.industry_filter - INFO - process_all_industries_async:345 - Processing industry batch 7/29
2025-07-28 00:58:52 - stock_analysis.stock_filter - INFO - process_all_industries_async:450 - Processing industry batch 2/29
2025-07-28 00:58:57 - stock_analysis.industry_filter - INFO - process_all_industries_async:345 - Processing industry batch 8/29
2025-07-28 00:59:01 - stock_analysis.stock_filter - INFO - process_all_industries_async:450 - Processing industry batch 3/29
2025-07-28 00:59:01 - stock_analysis.industry_filter - INFO - process_all_industries_async:345 - Processing industry batch 9/29
2025-07-28 00:59:06 - stock_analysis.industry_filter - INFO - process_all_industries_async:345 - Processing industry batch 10/29
2025-07-28 00:59:09 - stock_analysis.industry_filter - INFO - process_all_industries_async:345 - Processing industry batch 11/29
2025-07-28 00:59:12 - stock_analysis.industry_filter - INFO - process_all_industries_async:345 - Processing industry batch 12/29
2025-07-28 00:59:16 - stock_analysis.industry_filter - INFO - process_all_industries_async:345 - Processing industry batch 13/29
2025-07-28 00:59:19 - stock_analysis.industry_filter - INFO - process_all_industries_async:345 - Processing industry batch 14/29
2025-07-28 00:59:22 - stock_analysis.stock_filter - INFO - process_all_industries_async:450 - Processing industry batch 4/29
2025-07-28 00:59:29 - stock_analysis.industry_filter - INFO - process_all_industries_async:345 - Processing industry batch 15/29
2025-07-28 00:59:30 - stock_analysis.industry_filter - INFO - process_all_industries_async:345 - Processing industry batch 16/29
2025-07-28 00:59:32 - stock_analysis.industry_filter - INFO - process_all_industries_async:345 - Processing industry batch 17/29
2025-07-28 00:59:34 - stock_analysis.industry_filter - INFO - process_all_industries_async:345 - Processing industry batch 18/29
2025-07-28 00:59:36 - stock_analysis.stock_filter - INFO - process_all_industries_async:450 - Processing industry batch 5/29
2025-07-28 00:59:36 - stock_analysis.industry_filter - INFO - process_all_industries_async:345 - Processing industry batch 19/29
2025-07-28 00:59:38 - stock_analysis.industry_filter - INFO - process_all_industries_async:345 - Processing industry batch 20/29
2025-07-28 00:59:39 - stock_analysis.industry_filter - INFO - process_all_industries_async:345 - Processing industry batch 21/29
2025-07-28 00:59:41 - stock_analysis.stock_filter - INFO - process_all_industries_async:450 - Processing industry batch 6/29
2025-07-28 00:59:41 - stock_analysis.industry_filter - INFO - process_all_industries_async:345 - Processing industry batch 22/29
2025-07-28 00:59:43 - stock_analysis.industry_filter - INFO - process_all_industries_async:345 - Processing industry batch 23/29
2025-07-28 00:59:44 - stock_analysis.industry_filter - INFO - process_all_industries_async:345 - Processing industry batch 24/29
2025-07-28 00:59:46 - stock_analysis.industry_filter - INFO - process_all_industries_async:345 - Processing industry batch 25/29
2025-07-28 00:59:47 - stock_analysis.stock_filter - INFO - process_all_industries_async:450 - Processing industry batch 7/29
2025-07-28 00:59:48 - stock_analysis.industry_filter - INFO - process_all_industries_async:345 - Processing industry batch 26/29
2025-07-28 00:59:51 - stock_analysis.industry_filter - INFO - process_all_industries_async:345 - Processing industry batch 27/29
2025-07-28 00:59:53 - stock_analysis.industry_filter - INFO - process_all_industries_async:345 - Processing industry batch 28/29
2025-07-28 00:59:55 - stock_analysis.industry_filter - INFO - process_all_industries_async:345 - Processing industry batch 29/29
2025-07-28 00:59:57 - stock_analysis.industry_filter - INFO - _save_reports:416 - Report saved to data/stocks/reports/行业筛选报告-raw-20250728.csv
2025-07-28 00:59:57 - stock_analysis.industry_filter - INFO - _save_reports:440 - Filtered report saved to data/stocks/reports/行业筛选报告-20250728.csv
2025-07-28 00:59:57 - stock_analysis.main - INFO - run_with_detailed_progress:422 - ✅ Industry Filter completed (top-level task kept visible)
2025-07-28 00:59:58 - stock_analysis.stock_filter - INFO - process_all_industries_async:450 - Processing industry batch 8/29
2025-07-28 01:00:09 - stock_analysis.stock_filter - WARNING - process_single_stock_async:297 - Skipping 华之杰 (603400) due to insufficient data for the last 29 days
2025-07-28 01:00:15 - stock_analysis.stock_filter - INFO - process_all_industries_async:450 - Processing industry batch 9/29
2025-07-28 01:00:21 - stock_analysis.stock_filter - INFO - process_all_industries_async:450 - Processing industry batch 10/29
2025-07-28 01:00:26 - stock_analysis.stock_filter - INFO - process_all_industries_async:450 - Processing industry batch 11/29
2025-07-28 01:00:29 - stock_analysis.stock_filter - INFO - process_all_industries_async:450 - Processing industry batch 12/29
2025-07-28 01:00:39 - stock_analysis.stock_filter - INFO - process_all_industries_async:450 - Processing industry batch 13/29
2025-07-28 01:00:51 - stock_analysis.stock_filter - WARNING - process_single_stock_async:297 - Skipping 广信科技 (920037) due to insufficient data for the last 29 days
2025-07-28 01:01:05 - stock_analysis.retry - INFO - retry_call:128 - Function stock_individual_fund_flow completed in 12.1 seconds (attempt 1/3)
2025-07-28 01:01:05 - stock_analysis.stock_filter - INFO - process_all_industries_async:450 - Processing industry batch 14/29
2025-07-28 01:01:21 - stock_analysis.stock_filter - INFO - process_all_industries_async:450 - Processing industry batch 15/29
2025-07-28 01:01:32 - stock_analysis.stock_filter - INFO - process_all_industries_async:450 - Processing industry batch 16/29
2025-07-28 01:01:38 - stock_analysis.stock_filter - INFO - process_all_industries_async:450 - Processing industry batch 17/29
2025-07-28 01:01:46 - stock_analysis.stock_filter - INFO - process_all_industries_async:450 - Processing industry batch 18/29
2025-07-28 01:01:51 - stock_analysis.stock_filter - INFO - process_all_industries_async:450 - Processing industry batch 19/29
2025-07-28 01:01:57 - stock_analysis.stock_filter - INFO - process_all_industries_async:450 - Processing industry batch 20/29
2025-07-28 01:02:01 - stock_analysis.stock_filter - INFO - process_all_industries_async:450 - Processing industry batch 21/29
2025-07-28 01:02:03 - stock_analysis.stock_filter - INFO - process_all_industries_async:450 - Processing industry batch 22/29
2025-07-28 01:02:07 - stock_analysis.stock_filter - INFO - process_all_industries_async:450 - Processing industry batch 23/29
2025-07-28 01:02:10 - stock_analysis.stock_filter - INFO - process_all_industries_async:450 - Processing industry batch 24/29
2025-07-28 01:02:16 - stock_analysis.stock_filter - INFO - process_all_industries_async:450 - Processing industry batch 25/29
2025-07-28 01:02:21 - stock_analysis.stock_filter - INFO - process_all_industries_async:450 - Processing industry batch 26/29
2025-07-28 01:02:25 - stock_analysis.stock_filter - INFO - process_all_industries_async:450 - Processing industry batch 27/29
2025-07-28 01:02:29 - stock_analysis.stock_filter - INFO - process_all_industries_async:450 - Processing industry batch 28/29
2025-07-28 01:02:31 - stock_analysis.stock_filter - INFO - process_all_industries_async:450 - Processing industry batch 29/29
2025-07-28 01:02:34 - stock_analysis.stock_filter - INFO - _save_reports:143 - Report saved to data/stocks/reports/股票筛选报告-raw-20250725.csv
2025-07-28 01:02:34 - stock_analysis.stock_filter - INFO - _save_reports:164 - Filtered report saved to data/stocks/reports/股票筛选报告-20250725.csv
2025-07-28 01:02:34 - stock_analysis.main - INFO - run_with_detailed_progress:422 - ✅ Stock Filter completed (top-level task kept visible)
2025-07-28 01:02:34 - stock_analysis.main - INFO - run_all_scripts_parallel:468 - Starting report copying with progress feedback
2025-07-28 01:02:34 - stock_analysis.main - INFO - copy_latest_reports:186 - Starting report copying process
2025-07-28 01:02:34 - stock_analysis.main - INFO - copy_latest_reports:215 - Successfully copied 持股报告: 持股报告-20250725.csv
2025-07-28 01:02:34 - stock_analysis.main - INFO - copy_latest_reports:215 - Successfully copied 股票筛选报告: 股票筛选报告-20250725.csv
2025-07-28 01:02:34 - stock_analysis.main - INFO - copy_latest_reports:215 - Successfully copied 行业筛选报告: 行业筛选报告-20250728.csv
2025-07-28 01:02:34 - stock_analysis.main - INFO - copy_latest_reports:227 - All latest reports copied to data/today/
2025-07-28 01:02:34 - stock_analysis.main - INFO - run_all_scripts_parallel:495 - 🎉 All parallel scripts completed successfully!
2025-07-28 01:02:34 - stock_analysis.main - INFO - main:564 - === China Stock Analysis Pipeline Completed ===
